<?xml version="1.0" encoding="UTF-8"?>
<robot generator="Robot 7.0 (Python 3.12.2 on win32)" generated="2024-03-16T02:48:58.296731" rpa="false" schemaversion="5">
<suite id="s1" name="10" source="D:\Pycham projects\PycharmProjects\Robotselenium\Testcases\10.robot">
<test id="s1-t1" name="Example Test" line="6">
<kw name="Open Browser" owner="SeleniumLibrary">
<msg time="2024-03-16T02:48:58.484212" level="INFO">Opening browser 'firefox' to base url 'None'.</msg>
<msg time="2024-03-16T02:48:58.796682" level="INFO">Cannot capture screenshot because no browser is open.</msg>
<msg time="2024-03-16T02:48:58.796682" level="FAIL">NoSuchDriverException: Message: Unable to obtain driver for firefox using Selenium Manager.; For documentation on this error, please visit: https://www.selenium.dev/documentation/webdriver/troubleshooting/errors/driver_location
</msg>
<doc>Opens a new browser instance to the optional ``url``.</doc>
<status status="FAIL" start="2024-03-16T02:48:58.484212" elapsed="0.312470">NoSuchDriverException: Message: Unable to obtain driver for firefox using Selenium Manager.; For documentation on this error, please visit: https://www.selenium.dev/documentation/webdriver/troubleshooting/errors/driver_location
</status>
</kw>
<kw name="Go To" owner="SeleniumLibrary">
<arg>https://admin-demo.nopcommerce.com/login</arg>
<doc>Navigates the current browser window to the provided ``url``.</doc>
<status status="NOT RUN" start="2024-03-16T02:48:58.796682" elapsed="0.000000"/>
</kw>
<kw name="Maximize Browser Window" owner="SeleniumLibrary">
<doc>Maximizes current browser window.</doc>
<status status="NOT RUN" start="2024-03-16T02:48:58.796682" elapsed="0.000000"/>
</kw>
<kw name="Get WebElements" owner="SeleniumLibrary">
<var>${emailbox}</var>
<arg>id:Email</arg>
<doc>Returns a list of WebElement objects matching the ``locator``.</doc>
<status status="NOT RUN" start="2024-03-16T02:48:58.796682" elapsed="0.000000"/>
</kw>
<kw name="Input Text" owner="SeleniumLibrary">
<arg>${emailbox}[0]</arg>
<arg>abc@yourstore.com</arg>
<doc>Types the given ``text`` into the text field identified by ``locator``.</doc>
<status status="NOT RUN" start="2024-03-16T02:48:58.796682" elapsed="0.000000"/>
</kw>
<kw name="Sleep" owner="BuiltIn">
<arg>5s</arg>
<doc>Pauses the test executed for the given time.</doc>
<status status="NOT RUN" start="2024-03-16T02:48:58.812298" elapsed="0.000000"/>
</kw>
<kw name="${result_text}:">
<arg>Call Method</arg>
<arg>${emailbox}[0]</arg>
<arg>get_attribute</arg>
<arg>value</arg>
<status status="NOT RUN" start="2024-03-16T02:48:58.812298" elapsed="0.000000"/>
</kw>
<kw name="Log" owner="BuiltIn">
<arg>result of get_attribute(): ${result_text}</arg>
<doc>Logs the given message with the given level.</doc>
<status status="NOT RUN" start="2024-03-16T02:48:58.812298" elapsed="0.000000"/>
</kw>
<kw name="Close Browser" owner="SeleniumLibrary">
<doc>Closes the current browser.</doc>
<status status="NOT RUN" start="2024-03-16T02:48:58.812298" elapsed="0.000000"/>
</kw>
<status status="FAIL" start="2024-03-16T02:48:58.484212" elapsed="0.328086">NoSuchDriverException: Message: Unable to obtain driver for firefox using Selenium Manager.; For documentation on this error, please visit: https://www.selenium.dev/documentation/webdriver/troubleshooting/errors/driver_location
</status>
</test>
<status status="FAIL" start="2024-03-16T02:48:58.296731" elapsed="0.515567"/>
</suite>
<statistics>
<total>
<stat pass="0" fail="1" skip="0">All Tests</stat>
</total>
<tag>
</tag>
<suite>
<stat pass="0" fail="1" skip="0" id="s1" name="10">10</stat>
</suite>
</statistics>
<errors>
</errors>
</robot>
